Starting a Gradle Daemon, 1 busy Daemon could not be reused, use --status for details
Reusing configuration cache.
> Task :app:preBuild UP-TO-DATE
> Task :app:preDebugBuild UP-TO-DATE
> Task :app:processDebugGoogleServices UP-TO-DATE
> Task :app:generateDebugBuildConfig UP-TO-DATE
> Task :app:generateDebugResources UP-TO-DATE
> Task :app:packageDebugResources UP-TO-DATE
> Task :app:processDebugNavigationResources UP-TO-DATE
> Task :app:parseDebugLocalResources UP-TO-DATE
> Task :app:generateDebugRFile UP-TO-DATE
> Task :app:kspDebugKotlin UP-TO-DATE

> Task :app:compileDebugKotlin
e: file:///app/applet/app/src/main/java/com/example/ui/screens/ScannerScreen.kt:235:42 Unresolved reference 'imagePickerLauncher'.
e: file:///app/applet/app/src/main/java/com/example/ui/screens/ScannerScreen.kt:248:45 Unresolved reference 'isTorchOn'.
e: file:///app/applet/app/src/main/java/com/example/ui/screens/ScannerScreen.kt:250:33 Unresolved reference 'isTorchOn'.
e: file:///app/applet/app/src/main/java/com/example/ui/screens/ScannerScreen.kt:250:46 Unresolved reference 'isTorchOn'.
e: file:///app/applet/app/src/main/java/com/example/ui/screens/ScannerScreen.kt:251:33 Unresolved reference 'cameraRef'.
e: file:///app/applet/app/src/main/java/com/example/ui/screens/ScannerScreen.kt:251:50 Unresolved reference 'cameraControl'.
e: file:///app/applet/app/src/main/java/com/example/ui/screens/ScannerScreen.kt:251:77 Unresolved reference 'isTorchOn'.
e: file:///app/applet/app/src/main/java/com/example/ui/screens/ScannerScreen.kt:255:100 Unresolved reference 'isTorchOn'.

> Task :app:compileDebugKotlin FAILED

FAILURE: Build failed with an exception.

* What went wrong:
Execution failed for task ':app:compileDebugKotlin'.
> A failure occurred while executing org.jetbrains.kotlin.compilerRunner.GradleCompilerRunnerWithWorkers$GradleKotlinCompilerWorkAction
   > Compilation error. See log for more details

* Try:
> Run with --stacktrace option to get the stack trace.
> Run with --info or --debug option to get more log output.
> Run with --scan to get full insights from a Build Scan (powered by Develocity).
> Get more help at https://help.gradle.org.

BUILD FAILED in 38s
9 actionable tasks: 1 executed, 8 up-to-date
Configuration cache entry reused.
